<?xml version="1.0" encoding="UTF-8"?>
<testsuite name="com.builders.services.BuilderServiceTest" tests="1" skipped="0" failures="0" errors="0" timestamp="2022-11-07T15:22:30" hostname="EPBYGROW00D8" time="0.022">
  <properties/>
  <testcase name="isResourcesLoadedCorrectly()" classname="com.builders.services.BuilderServiceTest" time="0.022"/>
  <system-out><![CDATA[]]></system-out>
  <system-err><![CDATA[]]></system-err>
</testsuite>
