<?xml version="1.0" encoding="UTF-8"?>
<testsuite name="com.builders.utils.BuildersUtilTest" tests="1" skipped="0" failures="0" errors="0" timestamp="2022-11-07T15:20:24" hostname="EPBYGROW00D8" time="0.051">
  <properties/>
  <testcase name="isResultSayHelloFromUtilsCorrect()" classname="com.builders.utils.BuildersUtilTest" time="0.051"/>
  <system-out><![CDATA[]]></system-out>
  <system-err><![CDATA[]]></system-err>
</testsuite>
