<?xml version="1.0" encoding="UTF-8"?>
<testsuite name="com.builders.admin.AdminEntryPointTest" tests="1" skipped="0" failures="0" errors="0" timestamp="2022-11-07T15:31:00" hostname="EPBYGROW00D8" time="0.034">
  <properties/>
  <testcase name="isResultGreetingCorrect()" classname="com.builders.admin.AdminEntryPointTest" time="0.034"/>
  <system-out><![CDATA[]]></system-out>
  <system-err><![CDATA[]]></system-err>
</testsuite>
